# JRE version: Java(TM) SE Runtime Environment (8.0_131-b11) (build 1.8.0_131-b11)
# Java VM: Java HotSpot(TM) 64-Bit Server VM (25.131-b11 mixed mode bsd-amd64 compressed oops)
Heap:
 PSYoungGen      total 409088K, used 22295K [0x0000000795580000, 0x00000007bcd00000, 0x00000007c0000000)
  eden space 395776K, 2% used [0x0000000795580000,0x0000000795e484a0,0x00000007ad800000)
  from space 13312K, 99% used [0x00000007bbb00000,0x00000007bc7fda38,0x00000007bc800000)
  to   space 5120K, 0% used [0x00000007bc800000,0x00000007bc800000,0x00000007bcd00000)
 ParOldGen       total 163328K, used 98232K [0x0000000740000000, 0x0000000749f80000, 0x0000000795580000)
  object space 163328K, 60% used [0x0000000740000000,0x0000000745fee2a8,0x0000000749f80000)
 Metaspace       used 19674K, capacity 20246K, committed 20352K, reserved 1067008K
  class space    used 2303K, capacity 2412K, committed 2432K, reserved 1048576K
GC Heap History (10 events):
Event: 5100.343 GC heap before
{Heap before GC invocations=372 (full 5):
 PSYoungGen      total 492544K, used 492085K [0x0000000795580000, 0x00000007be580000, 0x00000007c0000000)
  eden space 483840K, 100% used [0x0000000795580000,0x00000007b2e00000,0x00000007b2e00000)
  from space 8704K, 94% used [0x00000007bdd00000,0x00000007be50d638,0x00000007be580000)
  to   space 11264K, 0% used [0x00000007bcf80000,0x00000007bcf80000,0x00000007bda80000)
 ParOldGen       total 163328K, used 53014K [0x0000000740000000, 0x0000000749f80000, 0x0000000795580000)
  object space 163328K, 32% used [0x0000000740000000,0x00000007433c5988,0x0000000749f80000)
 Metaspace       used 19290K, capacity 19772K, committed 19840K, reserved 1067008K
  class space    used 2294K, capacity 2411K, committed 2432K, reserved 1048576K
Event: 5100.372 GC heap after
Heap after GC invocations=372 (full 5):
 PSYoungGen      total 473088K, used 8405K [0x0000000795580000, 0x00000007bdd80000, 0x00000007c0000000)
  eden space 464384K, 0% used [0x0000000795580000,0x0000000795580000,0x00000007b1b00000)
  from space 8704K, 96% used [0x00000007bcf80000,0x00000007bd7b5638,0x00000007bd800000)
  to   space 5632K, 0% used [0x00000007bd800000,0x00000007bd800000,0x00000007bdd80000)
 ParOldGen       total 163328K, used 62529K [0x0000000740000000, 0x0000000749f80000, 0x0000000795580000)
  object space 163328K, 38% used [0x0000000740000000,0x0000000743d105f8,0x0000000749f80000)
 Metaspace       used 19290K, capacity 19772K, committed 19840K, reserved 1067008K
  class space    used 2294K, capacity 2411K, committed 2432K, reserved 1048576K
}
Event: 5891.048 GC heap before
{Heap before GC invocations=373 (full 5):
 PSYoungGen      total 473088K, used 472789K [0x0000000795580000, 0x00000007bdd80000, 0x00000007c0000000)
  eden space 464384K, 100% used [0x0000000795580000,0x00000007b1b00000,0x00000007b1b00000)
  from space 8704K, 96% used [0x00000007bcf80000,0x00000007bd7b5638,0x00000007bd800000)
  to   space 5632K, 0% used [0x00000007bd800000,0x00000007bd800000,0x00000007bdd80000)
 ParOldGen       total 163328K, used 62529K [0x0000000740000000, 0x0000000749f80000, 0x0000000795580000)
  object space 163328K, 38% used [0x0000000740000000,0x0000000743d105f8,0x0000000749f80000)
 Metaspace       used 19322K, capacity 19836K, committed 20096K, reserved 1067008K
  class space    used 2294K, capacity 2411K, committed 2432K, reserved 1048576K
Event: 5891.086 GC heap after
Heap after GC invocations=373 (full 5):
 PSYoungGen      total 451584K, used 5621K [0x0000000795580000, 0x00000007bdd80000, 0x00000007c0000000)
  eden space 445952K, 0% used [0x0000000795580000,0x0000000795580000,0x00000007b0900000)
  from space 5632K, 99% used [0x00000007bd800000,0x00000007bdd7d638,0x00000007bdd80000)
  to   space 12800K, 0% used [0x00000007bc480000,0x00000007bc480000,0x00000007bd100000)
 ParOldGen       total 163328K, used 65633K [0x0000000740000000, 0x0000000749f80000, 0x0000000795580000)
  object space 163328K, 40% used [0x0000000740000000,0x00000007440185d8,0x0000000749f80000)
 Metaspace       used 19322K, capacity 19836K, committed 20096K, reserved 1067008K
  class space    used 2294K, capacity 2411K, committed 2432K, reserved 1048576K
}
Event: 8966.512 GC heap before
{Heap before GC invocations=374 (full 5):
 PSYoungGen      total 451584K, used 451573K [0x0000000795580000, 0x00000007bdd80000, 0x00000007c0000000)
  eden space 445952K, 100% used [0x0000000795580000,0x00000007b0900000,0x00000007b0900000)
  from space 5632K, 99% used [0x00000007bd800000,0x00000007bdd7d638,0x00000007bdd80000)
  to   space 12800K, 0% used [0x00000007bc480000,0x00000007bc480000,0x00000007bd100000)
 ParOldGen       total 163328K, used 65633K [0x0000000740000000, 0x0000000749f80000, 0x0000000795580000)
  object space 163328K, 40% used [0x0000000740000000,0x00000007440185d8,0x0000000749f80000)
 Metaspace       used 19334K, capacity 19844K, committed 20096K, reserved 1067008K
  class space    used 2294K, capacity 2411K, committed 2432K, reserved 1048576K
Event: 8966.534 GC heap after
Heap after GC invocations=374 (full 5):
 PSYoungGen      total 430592K, used 1824K [0x0000000795580000, 0x00000007bd880000, 0x00000007c0000000)
  eden space 428544K, 0% used [0x0000000795580000,0x0000000795580000,0x00000007af800000)
  from space 2048K, 89% used [0x00000007bc480000,0x00000007bc648000,0x00000007bc680000)
  to   space 12288K, 0% used [0x00000007bcc80000,0x00000007bcc80000,0x00000007bd880000)
 ParOldGen       total 163328K, used 65633K [0x0000000740000000, 0x0000000749f80000, 0x0000000795580000)
  object space 163328K, 40% used [0x0000000740000000,0x00000007440185d8,0x0000000749f80000)
 Metaspace       used 19334K, capacity 19844K, committed 20096K, reserved 1067008K
  class space    used 2294K, capacity 2411K, committed 2432K, reserved 1048576K
}
Event: 14427.739 GC heap before
{Heap before GC invocations=375 (full 5):
 PSYoungGen      total 430592K, used 430368K [0x0000000795580000, 0x00000007bd880000, 0x00000007c0000000)
  eden space 428544K, 100% used [0x0000000795580000,0x00000007af800000,0x00000007af800000)
  from space 2048K, 89% used [0x00000007bc480000,0x00000007bc648000,0x00000007bc680000)
  to   space 12288K, 0% used [0x00000007bcc80000,0x00000007bcc80000,0x00000007bd880000)
 ParOldGen       total 163328K, used 65633K [0x0000000740000000, 0x0000000749f80000, 0x0000000795580000)
  object space 163328K, 40% used [0x0000000740000000,0x00000007440185d8,0x0000000749f80000)
 Metaspace       used 19609K, capacity 20174K, committed 20352K, reserved 1067008K
  class space    used 2297K, capacity 2412K, committed 2432K, reserved 1048576K
Event: 14427.776 GC heap after
Heap after GC invocations=375 (full 5):
 PSYoungGen      total 420352K, used 8661K [0x0000000795580000, 0x00000007bd500000, 0x00000007c0000000)
  eden space 411648K, 0% used [0x0000000795580000,0x0000000795580000,0x00000007ae780000)
  from space 8704K, 99% used [0x00000007bcc80000,0x00000007bd4f5638,0x00000007bd500000)
  to   space 13312K, 0% used [0x00000007bbb00000,0x00000007bbb00000,0x00000007bc800000)
 ParOldGen       total 163328K, used 65641K [0x0000000740000000, 0x0000000749f80000, 0x0000000795580000)
  object space 163328K, 40% used [0x0000000740000000,0x000000074401a5d8,0x0000000749f80000)
 Metaspace       used 19609K, capacity 20174K, committed 20352K, reserved 1067008K
  class space    used 2297K, capacity 2412K, committed 2432K, reserved 1048576K
}
Event: 31731.465 GC heap before
{Heap before GC invocations=376 (full 5):
 PSYoungGen      total 420352K, used 420309K [0x0000000795580000, 0x00000007bd500000, 0x00000007c0000000)
  eden space 411648K, 100% used [0x0000000795580000,0x00000007ae780000,0x00000007ae780000)
  from space 8704K, 99% used [0x00000007bcc80000,0x00000007bd4f5638,0x00000007bd500000)
  to   space 13312K, 0% used [0x00000007bbb00000,0x00000007bbb00000,0x00000007bc800000)
 ParOldGen       total 163328K, used 65641K [0x0000000740000000, 0x0000000749f80000, 0x0000000795580000)
  object space 163328K, 40% used [0x0000000740000000,0x000000074401a5d8,0x0000000749f80000)
 Metaspace       used 19669K, capacity 20246K, committed 20352K, reserved 1067008K
  class space    used 2302K, capacity 2412K, committed 2432K, reserved 1048576K
Event: 31731.604 GC heap after
Heap after GC invocations=376 (full 5):
 PSYoungGen      total 409088K, used 13302K [0x0000000795580000, 0x00000007bcd00000, 0x00000007c0000000)
  eden space 395776K, 0% used [0x0000000795580000,0x0000000795580000,0x00000007ad800000)
  from space 13312K, 99% used [0x00000007bbb00000,0x00000007bc7fda38,0x00000007bc800000)
  to   space 5120K, 0% used [0x00000007bc800000,0x00000007bc800000,0x00000007bcd00000)
 ParOldGen       total 163328K, used 98232K [0x0000000740000000, 0x0000000749f80000, 0x0000000795580000)
  object space 163328K, 60% used [0x0000000740000000,0x0000000745fee2a8,0x0000000749f80000)
 Metaspace       used 19669K, capacity 20246K, committed 20352K, reserved 1067008K
  class space    used 2302K, capacity 2412K, committed 2432K, reserved 1048576K
}

