# JRE version: Java(TM) SE Runtime Environment (8.0_131-b11) (build 1.8.0_131-b11)
# Java VM: Java HotSpot(TM) 64-Bit Server VM (25.131-b11 mixed mode bsd-amd64 compressed oops)
Heap:
 PSYoungGen      total 649728K, used 25529K [0x0000000795580000, 0x00000007c0000000, 0x00000007c0000000)
  eden space 600576K, 4% used [0x0000000795580000,0x0000000796e6e638,0x00000007ba000000)
  from space 49152K, 0% used [0x00000007ba000000,0x00000007ba000000,0x00000007bd000000)
  to   space 48640K, 0% used [0x00000007bd080000,0x00000007bd080000,0x00000007c0000000)
 ParOldGen       total 282112K, used 71860K [0x0000000740000000, 0x0000000751380000, 0x0000000795580000)
  object space 282112K, 25% used [0x0000000740000000,0x000000074462d180,0x0000000751380000)
 Metaspace       used 15668K, capacity 16202K, committed 16384K, reserved 1062912K
  class space    used 1806K, capacity 1947K, committed 2048K, reserved 1048576K
GC Heap History (10 events):
Event: 355.181 GC heap before
{Heap before GC invocations=707 (full 11):
 PSYoungGen      total 637952K, used 637920K [0x0000000795580000, 0x00000007c0000000, 0x00000007c0000000)
  eden space 621056K, 100% used [0x0000000795580000,0x00000007bb400000,0x00000007bb400000)
  from space 16896K, 99% used [0x00000007bb400000,0x00000007bc478158,0x00000007bc480000)
  to   space 32768K, 0% used [0x00000007be000000,0x00000007be000000,0x00000007c0000000)
 ParOldGen       total 239104K, used 115103K [0x0000000740000000, 0x000000074e980000, 0x0000000795580000)
  object space 239104K, 48% used [0x0000000740000000,0x0000000747067f30,0x000000074e980000)
 Metaspace       used 15647K, capacity 16138K, committed 16384K, reserved 1062912K
  class space    used 1806K, capacity 1947K, committed 2048K, reserved 1048576K
Event: 355.222 GC heap after
Heap after GC invocations=707 (full 11):
 PSYoungGen      total 653824K, used 31991K [0x0000000795580000, 0x00000007c0000000, 0x00000007c0000000)
  eden space 621056K, 0% used [0x0000000795580000,0x0000000795580000,0x00000007bb400000)
  from space 32768K, 97% used [0x00000007be000000,0x00000007bff3dc08,0x00000007c0000000)
  to   space 38912K, 0% used [0x00000007bb400000,0x00000007bb400000,0x00000007bda00000)
 ParOldGen       total 239104K, used 141465K [0x0000000740000000, 0x000000074e980000, 0x0000000795580000)
  object space 239104K, 59% used [0x0000000740000000,0x0000000748a267c8,0x000000074e980000)
 Metaspace       used 15647K, capacity 16138K, committed 16384K, reserved 1062912K
  class space    used 1806K, capacity 1947K, committed 2048K, reserved 1048576K
}
Event: 357.229 GC heap before
{Heap before GC invocations=708 (full 11):
 PSYoungGen      total 653824K, used 653047K [0x0000000795580000, 0x00000007c0000000, 0x00000007c0000000)
  eden space 621056K, 100% used [0x0000000795580000,0x00000007bb400000,0x00000007bb400000)
  from space 32768K, 97% used [0x00000007be000000,0x00000007bff3dc08,0x00000007c0000000)
  to   space 38912K, 0% used [0x00000007bb400000,0x00000007bb400000,0x00000007bda00000)
 ParOldGen       total 239104K, used 141465K [0x0000000740000000, 0x000000074e980000, 0x0000000795580000)
  object space 239104K, 59% used [0x0000000740000000,0x0000000748a267c8,0x000000074e980000)
 Metaspace       used 15668K, capacity 16202K, committed 16384K, reserved 1062912K
  class space    used 1806K, capacity 1947K, committed 2048K, reserved 1048576K
Event: 357.256 GC heap after
Heap after GC invocations=708 (full 11):
 PSYoungGen      total 656384K, used 34901K [0x0000000795580000, 0x00000007c0000000, 0x00000007c0000000)
  eden space 621056K, 0% used [0x0000000795580000,0x0000000795580000,0x00000007bb400000)
  from space 35328K, 98% used [0x00000007bb400000,0x00000007bd615458,0x00000007bd680000)
  to   space 42496K, 0% used [0x00000007bd680000,0x00000007bd680000,0x00000007c0000000)
 ParOldGen       total 239104K, used 165276K [0x0000000740000000, 0x000000074e980000, 0x0000000795580000)
  object space 239104K, 69% used [0x0000000740000000,0x000000074a1671e0,0x000000074e980000)
 Metaspace       used 15668K, capacity 16202K, committed 16384K, reserved 1062912K
  class space    used 1806K, capacity 1947K, committed 2048K, reserved 1048576K
}
Event: 357.972 GC heap before
{Heap before GC invocations=709 (full 11):
 PSYoungGen      total 656384K, used 655957K [0x0000000795580000, 0x00000007c0000000, 0x00000007c0000000)
  eden space 621056K, 100% used [0x0000000795580000,0x00000007bb400000,0x00000007bb400000)
  from space 35328K, 98% used [0x00000007bb400000,0x00000007bd615458,0x00000007bd680000)
  to   space 42496K, 0% used [0x00000007bd680000,0x00000007bd680000,0x00000007c0000000)
 ParOldGen       total 239104K, used 165276K [0x0000000740000000, 0x000000074e980000, 0x0000000795580000)
  object space 239104K, 69% used [0x0000000740000000,0x000000074a1671e0,0x000000074e980000)
 Metaspace       used 15668K, capacity 16202K, committed 16384K, reserved 1062912K
  class space    used 1806K, capacity 1947K, committed 2048K, reserved 1048576K
Event: 357.988 GC heap after
Heap after GC invocations=709 (full 11):
 PSYoungGen      total 643072K, used 34699K [0x0000000795580000, 0x00000007c0000000, 0x00000007c0000000)
  eden space 600576K, 0% used [0x0000000795580000,0x0000000795580000,0x00000007ba000000)
  from space 42496K, 81% used [0x00000007bd680000,0x00000007bf862fc8,0x00000007c0000000)
  to   space 49152K, 0% used [0x00000007ba000000,0x00000007ba000000,0x00000007bd000000)
 ParOldGen       total 239104K, used 165636K [0x0000000740000000, 0x000000074e980000, 0x0000000795580000)
  object space 239104K, 69% used [0x0000000740000000,0x000000074a1c13d0,0x000000074e980000)
 Metaspace       used 15668K, capacity 16202K, committed 16384K, reserved 1062912K
  class space    used 1806K, capacity 1947K, committed 2048K, reserved 1048576K
}
Event: 358.871 GC heap before
{Heap before GC invocations=710 (full 11):
 PSYoungGen      total 643072K, used 635275K [0x0000000795580000, 0x00000007c0000000, 0x00000007c0000000)
  eden space 600576K, 100% used [0x0000000795580000,0x00000007ba000000,0x00000007ba000000)
  from space 42496K, 81% used [0x00000007bd680000,0x00000007bf862fc8,0x00000007c0000000)
  to   space 49152K, 0% used [0x00000007ba000000,0x00000007ba000000,0x00000007bd000000)
 ParOldGen       total 239104K, used 165636K [0x0000000740000000, 0x000000074e980000, 0x0000000795580000)
  object space 239104K, 69% used [0x0000000740000000,0x000000074a1c13d0,0x000000074e980000)
 Metaspace       used 15668K, capacity 16202K, committed 16384K, reserved 1062912K
  class space    used 1806K, capacity 1947K, committed 2048K, reserved 1048576K
Event: 358.902 GC heap after
Heap after GC invocations=710 (full 11):
 PSYoungGen      total 649728K, used 272K [0x0000000795580000, 0x00000007c0000000, 0x00000007c0000000)
  eden space 600576K, 0% used [0x0000000795580000,0x0000000795580000,0x00000007ba000000)
  from space 49152K, 0% used [0x00000007ba000000,0x00000007ba044340,0x00000007bd000000)
  to   space 48640K, 0% used [0x00000007bd080000,0x00000007bd080000,0x00000007c0000000)
 ParOldGen       total 239104K, used 199316K [0x0000000740000000, 0x000000074e980000, 0x0000000795580000)
  object space 239104K, 83% used [0x0000000740000000,0x000000074c2a5320,0x000000074e980000)
 Metaspace       used 15668K, capacity 16202K, committed 16384K, reserved 1062912K
  class space    used 1806K, capacity 1947K, committed 2048K, reserved 1048576K
}
Event: 358.902 GC heap before
{Heap before GC invocations=711 (full 12):
 PSYoungGen      total 649728K, used 272K [0x0000000795580000, 0x00000007c0000000, 0x00000007c0000000)
  eden space 600576K, 0% used [0x0000000795580000,0x0000000795580000,0x00000007ba000000)
  from space 49152K, 0% used [0x00000007ba000000,0x00000007ba044340,0x00000007bd000000)
  to   space 48640K, 0% used [0x00000007bd080000,0x00000007bd080000,0x00000007c0000000)
 ParOldGen       total 239104K, used 199316K [0x0000000740000000, 0x000000074e980000, 0x0000000795580000)
  object space 239104K, 83% used [0x0000000740000000,0x000000074c2a5320,0x000000074e980000)
 Metaspace       used 15668K, capacity 16202K, committed 16384K, reserved 1062912K
  class space    used 1806K, capacity 1947K, committed 2048K, reserved 1048576K
Event: 359.014 GC heap after
Heap after GC invocations=711 (full 12):
 PSYoungGen      total 649728K, used 0K [0x0000000795580000, 0x00000007c0000000, 0x00000007c0000000)
  eden space 600576K, 0% used [0x0000000795580000,0x0000000795580000,0x00000007ba000000)
  from space 49152K, 0% used [0x00000007ba000000,0x00000007ba000000,0x00000007bd000000)
  to   space 48640K, 0% used [0x00000007bd080000,0x00000007bd080000,0x00000007c0000000)
 ParOldGen       total 282112K, used 71860K [0x0000000740000000, 0x0000000751380000, 0x0000000795580000)
  object space 282112K, 25% used [0x0000000740000000,0x000000074462d180,0x0000000751380000)
 Metaspace       used 15668K, capacity 16202K, committed 16384K, reserved 1062912K
  class space    used 1806K, capacity 1947K, committed 2048K, reserved 1048576K
}

