# JRE version: Java(TM) SE Runtime Environment (8.0_131-b11) (build 1.8.0_131-b11)
# Java VM: Java HotSpot(TM) 64-Bit Server VM (25.131-b11 mixed mode bsd-amd64 compressed oops)
Heap:
 PSYoungGen      total 196608K, used 45387K [0x0000000795580000, 0x00000007b7a00000, 0x00000007c0000000)
  eden space 187904K, 24% used [0x0000000795580000,0x00000007981d2d68,0x00000007a0d00000)
  from space 8704K, 0% used [0x00000007b6700000,0x00000007b6700000,0x00000007b6f80000)
  to   space 10752K, 0% used [0x00000007b6f80000,0x00000007b6f80000,0x00000007b7a00000)
 ParOldGen       total 117760K, used 48960K [0x0000000740000000, 0x0000000747300000, 0x0000000795580000)
  object space 117760K, 41% used [0x0000000740000000,0x0000000742fd0378,0x0000000747300000)
 Metaspace       used 15366K, capacity 15778K, committed 16000K, reserved 1062912K
  class space    used 1709K, capacity 1825K, committed 1920K, reserved 1048576K
GC Heap History (10 events):
Event: 257.919 GC heap before
{Heap before GC invocations=1078 (full 1):
 PSYoungGen      total 212992K, used 212544K [0x0000000795580000, 0x00000007b7a00000, 0x00000007c0000000)
  eden space 212480K, 100% used [0x0000000795580000,0x00000007a2500000,0x00000007a2500000)
  from space 512K, 12% used [0x00000007b7980000,0x00000007b7990000,0x00000007b7a00000)
  to   space 512K, 0% used [0x00000007b7900000,0x00000007b7900000,0x00000007b7980000)
 ParOldGen       total 123392K, used 93651K [0x0000000740000000, 0x0000000747880000, 0x0000000795580000)
  object space 123392K, 75% used [0x0000000740000000,0x0000000745b74ce8,0x0000000747880000)
 Metaspace       used 15201K, capacity 15666K, committed 16000K, reserved 1062912K
  class space    used 1709K, capacity 1833K, committed 1920K, reserved 1048576K
Event: 257.920 GC heap after
Heap after GC invocations=1078 (full 1):
 PSYoungGen      total 204288K, used 64K [0x0000000795580000, 0x00000007b7a00000, 0x00000007c0000000)
  eden space 203776K, 0% used [0x0000000795580000,0x0000000795580000,0x00000007a1c80000)
  from space 512K, 12% used [0x00000007b7900000,0x00000007b7910000,0x00000007b7980000)
  to   space 512K, 0% used [0x00000007b7980000,0x00000007b7980000,0x00000007b7a00000)
 ParOldGen       total 123392K, used 93667K [0x0000000740000000, 0x0000000747880000, 0x0000000795580000)
  object space 123392K, 75% used [0x0000000740000000,0x0000000745b78ce8,0x0000000747880000)
 Metaspace       used 15201K, capacity 15666K, committed 16000K, reserved 1062912K
  class space    used 1709K, capacity 1833K, committed 1920K, reserved 1048576K
}
Event: 3755.855 GC heap before
{Heap before GC invocations=1079 (full 1):
 PSYoungGen      total 204288K, used 192288K [0x0000000795580000, 0x00000007b7a00000, 0x00000007c0000000)
  eden space 203776K, 94% used [0x0000000795580000,0x00000007a11380a0,0x00000007a1c80000)
  from space 512K, 12% used [0x00000007b7900000,0x00000007b7910000,0x00000007b7980000)
  to   space 512K, 0% used [0x00000007b7980000,0x00000007b7980000,0x00000007b7a00000)
 ParOldGen       total 123392K, used 93667K [0x0000000740000000, 0x0000000747880000, 0x0000000795580000)
  object space 123392K, 75% used [0x0000000740000000,0x0000000745b78ce8,0x0000000747880000)
 Metaspace       used 15224K, capacity 15666K, committed 16000K, reserved 1062912K
  class space    used 1711K, capacity 1833K, committed 1920K, reserved 1048576K
Event: 3761.071 GC heap after
Heap after GC invocations=1079 (full 1):
 PSYoungGen      total 196096K, used 512K [0x0000000795580000, 0x00000007b7a00000, 0x00000007c0000000)
  eden space 195584K, 0% used [0x0000000795580000,0x0000000795580000,0x00000007a1480000)
  from space 512K, 100% used [0x00000007b7980000,0x00000007b7a00000,0x00000007b7a00000)
  to   space 9728K, 0% used [0x00000007b6700000,0x00000007b6700000,0x00000007b7080000)
 ParOldGen       total 123392K, used 117341K [0x0000000740000000, 0x0000000747880000, 0x0000000795580000)
  object space 123392K, 95% used [0x0000000740000000,0x0000000747297680,0x0000000747880000)
 Metaspace       used 15224K, capacity 15666K, committed 16000K, reserved 1062912K
  class space    used 1711K, capacity 1833K, committed 1920K, reserved 1048576K
}
Event: 3761.072 GC heap before
{Heap before GC invocations=1080 (full 2):
 PSYoungGen      total 196096K, used 512K [0x0000000795580000, 0x00000007b7a00000, 0x00000007c0000000)
  eden space 195584K, 0% used [0x0000000795580000,0x0000000795580000,0x00000007a1480000)
  from space 512K, 100% used [0x00000007b7980000,0x00000007b7a00000,0x00000007b7a00000)
  to   space 9728K, 0% used [0x00000007b6700000,0x00000007b6700000,0x00000007b7080000)
 ParOldGen       total 123392K, used 117341K [0x0000000740000000, 0x0000000747880000, 0x0000000795580000)
  object space 123392K, 95% used [0x0000000740000000,0x0000000747297680,0x0000000747880000)
 Metaspace       used 15224K, capacity 15666K, committed 16000K, reserved 1062912K
  class space    used 1711K, capacity 1833K, committed 1920K, reserved 1048576K
Event: 3762.386 GC heap after
Heap after GC invocations=1080 (full 2):
 PSYoungGen      total 196096K, used 0K [0x0000000795580000, 0x00000007b7a00000, 0x00000007c0000000)
  eden space 195584K, 0% used [0x0000000795580000,0x0000000795580000,0x00000007a1480000)
  from space 512K, 0% used [0x00000007b7980000,0x00000007b7980000,0x00000007b7a00000)
  to   space 9728K, 0% used [0x00000007b6700000,0x00000007b6700000,0x00000007b7080000)
 ParOldGen       total 103936K, used 53337K [0x0000000740000000, 0x0000000746580000, 0x0000000795580000)
  object space 103936K, 51% used [0x0000000740000000,0x00000007434165b8,0x0000000746580000)
 Metaspace       used 15209K, capacity 15642K, committed 16000K, reserved 1062912K
  class space    used 1707K, capacity 1825K, committed 1920K, reserved 1048576K
}
Event: 4342.219 GC heap before
{Heap before GC invocations=1081 (full 2):
 PSYoungGen      total 196096K, used 191032K [0x0000000795580000, 0x00000007b7a00000, 0x00000007c0000000)
  eden space 195584K, 97% used [0x0000000795580000,0x00000007a100e228,0x00000007a1480000)
  from space 512K, 0% used [0x00000007b7980000,0x00000007b7980000,0x00000007b7a00000)
  to   space 9728K, 0% used [0x00000007b6700000,0x00000007b6700000,0x00000007b7080000)
 ParOldGen       total 103936K, used 53337K [0x0000000740000000, 0x0000000746580000, 0x0000000795580000)
  object space 103936K, 51% used [0x0000000740000000,0x00000007434165b8,0x0000000746580000)
 Metaspace       used 15364K, capacity 15778K, committed 16000K, reserved 1062912K
  class space    used 1709K, capacity 1825K, committed 1920K, reserved 1048576K
Event: 4342.511 GC heap after
Heap after GC invocations=1081 (full 2):
 PSYoungGen      total 196608K, used 8476K [0x0000000795580000, 0x00000007b7a00000, 0x00000007c0000000)
  eden space 187904K, 0% used [0x0000000795580000,0x0000000795580000,0x00000007a0d00000)
  from space 8704K, 97% used [0x00000007b6700000,0x00000007b6f47250,0x00000007b6f80000)
  to   space 10752K, 0% used [0x00000007b6f80000,0x00000007b6f80000,0x00000007b7a00000)
 ParOldGen       total 120832K, used 106779K [0x0000000740000000, 0x0000000747600000, 0x0000000795580000)
  object space 120832K, 88% used [0x0000000740000000,0x0000000746846c30,0x0000000747600000)
 Metaspace       used 15364K, capacity 15778K, committed 16000K, reserved 1062912K
  class space    used 1709K, capacity 1825K, committed 1920K, reserved 1048576K
}
Event: 4342.511 GC heap before
{Heap before GC invocations=1082 (full 3):
 PSYoungGen      total 196608K, used 8476K [0x0000000795580000, 0x00000007b7a00000, 0x00000007c0000000)
  eden space 187904K, 0% used [0x0000000795580000,0x0000000795580000,0x00000007a0d00000)
  from space 8704K, 97% used [0x00000007b6700000,0x00000007b6f47250,0x00000007b6f80000)
  to   space 10752K, 0% used [0x00000007b6f80000,0x00000007b6f80000,0x00000007b7a00000)
 ParOldGen       total 120832K, used 106779K [0x0000000740000000, 0x0000000747600000, 0x0000000795580000)
  object space 120832K, 88% used [0x0000000740000000,0x0000000746846c30,0x0000000747600000)
 Metaspace       used 15364K, capacity 15778K, committed 16000K, reserved 1062912K
  class space    used 1709K, capacity 1825K, committed 1920K, reserved 1048576K
Event: 4342.933 GC heap after
Heap after GC invocations=1082 (full 3):
 PSYoungGen      total 196608K, used 0K [0x0000000795580000, 0x00000007b7a00000, 0x00000007c0000000)
  eden space 187904K, 0% used [0x0000000795580000,0x0000000795580000,0x00000007a0d00000)
  from space 8704K, 0% used [0x00000007b6700000,0x00000007b6700000,0x00000007b6f80000)
  to   space 10752K, 0% used [0x00000007b6f80000,0x00000007b6f80000,0x00000007b7a00000)
 ParOldGen       total 117760K, used 48960K [0x0000000740000000, 0x0000000747300000, 0x0000000795580000)
  object space 117760K, 41% used [0x0000000740000000,0x0000000742fd0378,0x0000000747300000)
 Metaspace       used 15364K, capacity 15778K, committed 16000K, reserved 1062912K
  class space    used 1709K, capacity 1825K, committed 1920K, reserved 1048576K
}

