# JRE version: Java(TM) SE Runtime Environment (8.0_131-b11) (build 1.8.0_131-b11)
# Java VM: Java HotSpot(TM) 64-Bit Server VM (25.131-b11 mixed mode bsd-amd64 compressed oops)
Heap:
 PSYoungGen      total 214016K, used 27329K [0x0000000795580000, 0x00000007bc900000, 0x00000007c0000000)
  eden space 206848K, 9% used [0x0000000795580000,0x000000079699cc40,0x00000007a1f80000)
  from space 7168K, 93% used [0x00000007bbd80000,0x00000007bc413928,0x00000007bc480000)
  to   space 4608K, 0% used [0x00000007bc480000,0x00000007bc480000,0x00000007bc900000)
 ParOldGen       total 191488K, used 88694K [0x0000000740000000, 0x000000074bb00000, 0x0000000795580000)
  object space 191488K, 46% used [0x0000000740000000,0x000000074569db38,0x000000074bb00000)
 Metaspace       used 21255K, capacity 21852K, committed 22144K, reserved 1069056K
  class space    used 2543K, capacity 2677K, committed 2688K, reserved 1048576K
GC Heap History (10 events):
Event: 18083.667 GC heap before
{Heap before GC invocations=319 (full 6):
 PSYoungGen      total 242688K, used 239685K [0x0000000795580000, 0x00000007bdc00000, 0x00000007c0000000)
  eden space 240128K, 98% used [0x0000000795580000,0x00000007a3d89488,0x00000007a4000000)
  from space 2560K, 81% used [0x00000007bd980000,0x00000007bdb88000,0x00000007bdc00000)
  to   space 9728K, 0% used [0x00000007bc900000,0x00000007bc900000,0x00000007bd280000)
 ParOldGen       total 191488K, used 72253K [0x0000000740000000, 0x000000074bb00000, 0x0000000795580000)
  object space 191488K, 37% used [0x0000000740000000,0x000000074468f698,0x000000074bb00000)
 Metaspace       used 21210K, capacity 21788K, committed 21888K, reserved 1069056K
  class space    used 2538K, capacity 2677K, committed 2688K, reserved 1048576K
Event: 18083.679 GC heap after
Heap after GC invocations=319 (full 6):
 PSYoungGen      total 235520K, used 2432K [0x0000000795580000, 0x00000007bda00000, 0x00000007c0000000)
  eden space 232960K, 0% used [0x0000000795580000,0x0000000795580000,0x00000007a3900000)
  from space 2560K, 95% used [0x00000007bc900000,0x00000007bcb60000,0x00000007bcb80000)
  to   space 9728K, 0% used [0x00000007bd080000,0x00000007bd080000,0x00000007bda00000)
 ParOldGen       total 191488K, used 72253K [0x0000000740000000, 0x000000074bb00000, 0x0000000795580000)
  object space 191488K, 37% used [0x0000000740000000,0x000000074468f698,0x000000074bb00000)
 Metaspace       used 21210K, capacity 21788K, committed 21888K, reserved 1069056K
  class space    used 2538K, capacity 2677K, committed 2688K, reserved 1048576K
}
Event: 19648.102 GC heap before
{Heap before GC invocations=320 (full 6):
 PSYoungGen      total 235520K, used 231082K [0x0000000795580000, 0x00000007bda00000, 0x00000007c0000000)
  eden space 232960K, 98% used [0x0000000795580000,0x00000007a34cabe8,0x00000007a3900000)
  from space 2560K, 95% used [0x00000007bc900000,0x00000007bcb60000,0x00000007bcb80000)
  to   space 9728K, 0% used [0x00000007bd080000,0x00000007bd080000,0x00000007bda00000)
 ParOldGen       total 191488K, used 72253K [0x0000000740000000, 0x000000074bb00000, 0x0000000795580000)
  object space 191488K, 37% used [0x0000000740000000,0x000000074468f698,0x000000074bb00000)
 Metaspace       used 21211K, capacity 21788K, committed 21888K, reserved 1069056K
  class space    used 2538K, capacity 2677K, committed 2688K, reserved 1048576K
Event: 19648.128 GC heap after
Heap after GC invocations=320 (full 6):
 PSYoungGen      total 228352K, used 2464K [0x0000000795580000, 0x00000007bd300000, 0x00000007c0000000)
  eden space 225792K, 0% used [0x0000000795580000,0x0000000795580000,0x00000007a3200000)
  from space 2560K, 96% used [0x00000007bd080000,0x00000007bd2e8000,0x00000007bd300000)
  to   space 9216K, 0% used [0x00000007bc100000,0x00000007bc100000,0x00000007bca00000)
 ParOldGen       total 191488K, used 72253K [0x0000000740000000, 0x000000074bb00000, 0x0000000795580000)
  object space 191488K, 37% used [0x0000000740000000,0x000000074468f698,0x000000074bb00000)
 Metaspace       used 21211K, capacity 21788K, committed 21888K, reserved 1069056K
  class space    used 2538K, capacity 2677K, committed 2688K, reserved 1048576K
}
Event: 25564.420 GC heap before
{Heap before GC invocations=321 (full 6):
 PSYoungGen      total 228352K, used 226077K [0x0000000795580000, 0x00000007bd300000, 0x00000007c0000000)
  eden space 225792K, 99% used [0x0000000795580000,0x00000007a2fdf668,0x00000007a3200000)
  from space 2560K, 96% used [0x00000007bd080000,0x00000007bd2e8000,0x00000007bd300000)
  to   space 9216K, 0% used [0x00000007bc100000,0x00000007bc100000,0x00000007bca00000)
 ParOldGen       total 191488K, used 72253K [0x0000000740000000, 0x000000074bb00000, 0x0000000795580000)
  object space 191488K, 37% used [0x0000000740000000,0x000000074468f698,0x000000074bb00000)
 Metaspace       used 21214K, capacity 21788K, committed 21888K, reserved 1069056K
  class space    used 2538K, capacity 2677K, committed 2688K, reserved 1048576K
Event: 25564.506 GC heap after
Heap after GC invocations=321 (full 6):
 PSYoungGen      total 222208K, used 2592K [0x0000000795580000, 0x00000007bd100000, 0x00000007c0000000)
  eden space 219136K, 0% used [0x0000000795580000,0x0000000795580000,0x00000007a2b80000)
  from space 3072K, 84% used [0x00000007bc100000,0x00000007bc388000,0x00000007bc400000)
  to   space 8704K, 0% used [0x00000007bc880000,0x00000007bc880000,0x00000007bd100000)
 ParOldGen       total 191488K, used 72253K [0x0000000740000000, 0x000000074bb00000, 0x0000000795580000)
  object space 191488K, 37% used [0x0000000740000000,0x000000074468f698,0x000000074bb00000)
 Metaspace       used 21214K, capacity 21788K, committed 21888K, reserved 1069056K
  class space    used 2538K, capacity 2677K, committed 2688K, reserved 1048576K
}
Event: 27131.069 GC heap before
{Heap before GC invocations=322 (full 6):
 PSYoungGen      total 222208K, used 221032K [0x0000000795580000, 0x00000007bd100000, 0x00000007c0000000)
  eden space 219136K, 99% used [0x0000000795580000,0x00000007a2ad2150,0x00000007a2b80000)
  from space 3072K, 84% used [0x00000007bc100000,0x00000007bc388000,0x00000007bc400000)
  to   space 8704K, 0% used [0x00000007bc880000,0x00000007bc880000,0x00000007bd100000)
 ParOldGen       total 191488K, used 72253K [0x0000000740000000, 0x000000074bb00000, 0x0000000795580000)
  object space 191488K, 37% used [0x0000000740000000,0x000000074468f698,0x000000074bb00000)
 Metaspace       used 21242K, capacity 21788K, committed 21888K, reserved 1069056K
  class space    used 2543K, capacity 2677K, committed 2688K, reserved 1048576K
Event: 27131.111 GC heap after
Heap after GC invocations=322 (full 6):
 PSYoungGen      total 220160K, used 6702K [0x0000000795580000, 0x00000007bcf80000, 0x00000007c0000000)
  eden space 212992K, 0% used [0x0000000795580000,0x0000000795580000,0x00000007a2580000)
  from space 7168K, 93% used [0x00000007bc880000,0x00000007bcf0b928,0x00000007bcf80000)
  to   space 9216K, 0% used [0x00000007bbd80000,0x00000007bbd80000,0x00000007bc680000)
 ParOldGen       total 191488K, used 80474K [0x0000000740000000, 0x000000074bb00000, 0x0000000795580000)
  object space 191488K, 42% used [0x0000000740000000,0x0000000744e968e8,0x000000074bb00000)
 Metaspace       used 21242K, capacity 21788K, committed 21888K, reserved 1069056K
  class space    used 2543K, capacity 2677K, committed 2688K, reserved 1048576K
}
Event: 27513.951 GC heap before
{Heap before GC invocations=323 (full 6):
 PSYoungGen      total 220160K, used 214108K [0x0000000795580000, 0x00000007bcf80000, 0x00000007c0000000)
  eden space 212992K, 97% used [0x0000000795580000,0x00000007a200b9d0,0x00000007a2580000)
  from space 7168K, 93% used [0x00000007bc880000,0x00000007bcf0b928,0x00000007bcf80000)
  to   space 9216K, 0% used [0x00000007bbd80000,0x00000007bbd80000,0x00000007bc680000)
 ParOldGen       total 191488K, used 80474K [0x0000000740000000, 0x000000074bb00000, 0x0000000795580000)
  object space 191488K, 42% used [0x0000000740000000,0x0000000744e968e8,0x000000074bb00000)
 Metaspace       used 21255K, capacity 21852K, committed 22144K, reserved 1069056K
  class space    used 2543K, capacity 2677K, committed 2688K, reserved 1048576K
Event: 27514.052 GC heap after
Heap after GC invocations=323 (full 6):
 PSYoungGen      total 214016K, used 6734K [0x0000000795580000, 0x00000007bc900000, 0x00000007c0000000)
  eden space 206848K, 0% used [0x0000000795580000,0x0000000795580000,0x00000007a1f80000)
  from space 7168K, 93% used [0x00000007bbd80000,0x00000007bc413928,0x00000007bc480000)
  to   space 4608K, 0% used [0x00000007bc480000,0x00000007bc480000,0x00000007bc900000)
 ParOldGen       total 191488K, used 88694K [0x0000000740000000, 0x000000074bb00000, 0x0000000795580000)
  object space 191488K, 46% used [0x0000000740000000,0x000000074569db38,0x000000074bb00000)
 Metaspace       used 21255K, capacity 21852K, committed 22144K, reserved 1069056K
  class space    used 2543K, capacity 2677K, committed 2688K, reserved 1048576K
}

