# JRE version: Java(TM) SE Runtime Environment (8.0_131-b11) (build 1.8.0_131-b11)
# Java VM: Java HotSpot(TM) 64-Bit Server VM (25.131-b11 mixed mode bsd-amd64 compressed oops)
Heap:
 PSYoungGen      total 679424K, used 29985K [0x0000000795580000, 0x00000007c0000000, 0x00000007c0000000)
  eden space 663552K, 2% used [0x0000000795580000,0x0000000796677cf8,0x00000007bdd80000)
  from space 15872K, 79% used [0x00000007bdd80000,0x00000007be9d0990,0x00000007bed00000)
  to   space 18432K, 0% used [0x00000007bee00000,0x00000007bee00000,0x00000007c0000000)
 ParOldGen       total 555520K, used 445800K [0x0000000740000000, 0x0000000761e80000, 0x0000000795580000)
  object space 555520K, 80% used [0x0000000740000000,0x000000075b35a258,0x0000000761e80000)
 Metaspace       used 16122K, capacity 16610K, committed 16896K, reserved 1064960K
  class space    used 1813K, capacity 1947K, committed 2048K, reserved 1048576K
GC Heap History (10 events):
Event: 733.447 GC heap before
{Heap before GC invocations=974 (full 19):
 PSYoungGen      total 671744K, used 655275K [0x0000000795580000, 0x00000007bfc00000, 0x00000007c0000000)
  eden space 653824K, 100% used [0x0000000795580000,0x00000007bd400000,0x00000007bd400000)
  from space 17920K, 8% used [0x00000007bea80000,0x00000007bebeaf90,0x00000007bfc00000)
  to   space 20480K, 0% used [0x00000007bd400000,0x00000007bd400000,0x00000007be800000)
 ParOldGen       total 555520K, used 444647K [0x0000000740000000, 0x0000000761e80000, 0x0000000795580000)
  object space 555520K, 80% used [0x0000000740000000,0x000000075b239d38,0x0000000761e80000)
 Metaspace       used 15899K, capacity 16318K, committed 16512K, reserved 1064960K
  class space    used 1801K, capacity 1915K, committed 1920K, reserved 1048576K
Event: 733.463 GC heap after
Heap after GC invocations=974 (full 19):
 PSYoungGen      total 674304K, used 1177K [0x0000000795580000, 0x00000007c0000000, 0x00000007c0000000)
  eden space 653824K, 0% used [0x0000000795580000,0x0000000795580000,0x00000007bd400000)
  from space 20480K, 5% used [0x00000007bd400000,0x00000007bd526520,0x00000007be800000)
  to   space 19456K, 0% used [0x00000007bed00000,0x00000007bed00000,0x00000007c0000000)
 ParOldGen       total 555520K, used 444647K [0x0000000740000000, 0x0000000761e80000, 0x0000000795580000)
  object space 555520K, 80% used [0x0000000740000000,0x000000075b239d38,0x0000000761e80000)
 Metaspace       used 15899K, capacity 16318K, committed 16512K, reserved 1064960K
  class space    used 1801K, capacity 1915K, committed 1920K, reserved 1048576K
}
Event: 1879.794 GC heap before
{Heap before GC invocations=975 (full 19):
 PSYoungGen      total 674304K, used 650767K [0x0000000795580000, 0x00000007c0000000, 0x00000007c0000000)
  eden space 653824K, 99% used [0x0000000795580000,0x00000007bcfdd818,0x00000007bd400000)
  from space 20480K, 5% used [0x00000007bd400000,0x00000007bd526520,0x00000007be800000)
  to   space 19456K, 0% used [0x00000007bed00000,0x00000007bed00000,0x00000007c0000000)
 ParOldGen       total 555520K, used 444647K [0x0000000740000000, 0x0000000761e80000, 0x0000000795580000)
  object space 555520K, 80% used [0x0000000740000000,0x000000075b239d38,0x0000000761e80000)
 Metaspace       used 15936K, capacity 16382K, committed 16512K, reserved 1064960K
  class space    used 1802K, capacity 1915K, committed 1920K, reserved 1048576K
Event: 1879.824 GC heap after
Heap after GC invocations=975 (full 19):
 PSYoungGen      total 675328K, used 1881K [0x0000000795580000, 0x00000007bfd00000, 0x00000007c0000000)
  eden space 658944K, 0% used [0x0000000795580000,0x0000000795580000,0x00000007bd900000)
  from space 16384K, 11% used [0x00000007bed00000,0x00000007beed6520,0x00000007bfd00000)
  to   space 18432K, 0% used [0x00000007bd900000,0x00000007bd900000,0x00000007beb00000)
 ParOldGen       total 555520K, used 444655K [0x0000000740000000, 0x0000000761e80000, 0x0000000795580000)
  object space 555520K, 80% used [0x0000000740000000,0x000000075b23bd38,0x0000000761e80000)
 Metaspace       used 15936K, capacity 16382K, committed 16512K, reserved 1064960K
  class space    used 1802K, capacity 1915K, committed 1920K, reserved 1048576K
}
Event: 2054.837 GC heap before
{Heap before GC invocations=976 (full 19):
 PSYoungGen      total 675328K, used 659972K [0x0000000795580000, 0x00000007bfd00000, 0x00000007c0000000)
  eden space 658944K, 99% used [0x0000000795580000,0x00000007bd82ab58,0x00000007bd900000)
  from space 16384K, 11% used [0x00000007bed00000,0x00000007beed6520,0x00000007bfd00000)
  to   space 18432K, 0% used [0x00000007bd900000,0x00000007bd900000,0x00000007beb00000)
 ParOldGen       total 555520K, used 444655K [0x0000000740000000, 0x0000000761e80000, 0x0000000795580000)
  object space 555520K, 80% used [0x0000000740000000,0x000000075b23bd38,0x0000000761e80000)
 Metaspace       used 15998K, capacity 16542K, committed 16896K, reserved 1064960K
  class space    used 1807K, capacity 1947K, committed 2048K, reserved 1048576K
Event: 2054.846 GC heap after
Heap after GC invocations=976 (full 19):
 PSYoungGen      total 677376K, used 2304K [0x0000000795580000, 0x00000007bff00000, 0x00000007c0000000)
  eden space 658944K, 0% used [0x0000000795580000,0x0000000795580000,0x00000007bd900000)
  from space 18432K, 12% used [0x00000007bd900000,0x00000007bdb40000,0x00000007beb00000)
  to   space 16896K, 0% used [0x00000007bee80000,0x00000007bee80000,0x00000007bff00000)
 ParOldGen       total 555520K, used 445192K [0x0000000740000000, 0x0000000761e80000, 0x0000000795580000)
  object space 555520K, 80% used [0x0000000740000000,0x000000075b2c2258,0x0000000761e80000)
 Metaspace       used 15998K, capacity 16542K, committed 16896K, reserved 1064960K
  class space    used 1807K, capacity 1947K, committed 2048K, reserved 1048576K
}
Event: 2506.346 GC heap before
{Heap before GC invocations=977 (full 19):
 PSYoungGen      total 677376K, used 657115K [0x0000000795580000, 0x00000007bff00000, 0x00000007c0000000)
  eden space 658944K, 99% used [0x0000000795580000,0x00000007bd4f6c58,0x00000007bd900000)
  from space 18432K, 12% used [0x00000007bd900000,0x00000007bdb40000,0x00000007beb00000)
  to   space 16896K, 0% used [0x00000007bee80000,0x00000007bee80000,0x00000007bff00000)
 ParOldGen       total 555520K, used 445192K [0x0000000740000000, 0x0000000761e80000, 0x0000000795580000)
  object space 555520K, 80% used [0x0000000740000000,0x000000075b2c2258,0x0000000761e80000)
 Metaspace       used 16077K, capacity 16610K, committed 16896K, reserved 1064960K
  class space    used 1809K, capacity 1947K, committed 2048K, reserved 1048576K
Event: 2506.368 GC heap after
Heap after GC invocations=977 (full 19):
 PSYoungGen      total 677888K, used 2048K [0x0000000795580000, 0x00000007bfc80000, 0x00000007c0000000)
  eden space 663552K, 0% used [0x0000000795580000,0x0000000795580000,0x00000007bdd80000)
  from space 14336K, 14% used [0x00000007bee80000,0x00000007bf080000,0x00000007bfc80000)
  to   space 15872K, 0% used [0x00000007bdd80000,0x00000007bdd80000,0x00000007bed00000)
 ParOldGen       total 555520K, used 445776K [0x0000000740000000, 0x0000000761e80000, 0x0000000795580000)
  object space 555520K, 80% used [0x0000000740000000,0x000000075b354258,0x0000000761e80000)
 Metaspace       used 16077K, capacity 16610K, committed 16896K, reserved 1064960K
  class space    used 1809K, capacity 1947K, committed 2048K, reserved 1048576K
}
Event: 28390.796 GC heap before
{Heap before GC invocations=978 (full 19):
 PSYoungGen      total 677888K, used 665600K [0x0000000795580000, 0x00000007bfc80000, 0x00000007c0000000)
  eden space 663552K, 100% used [0x0000000795580000,0x00000007bdd80000,0x00000007bdd80000)
  from space 14336K, 14% used [0x00000007bee80000,0x00000007bf080000,0x00000007bfc80000)
  to   space 15872K, 0% used [0x00000007bdd80000,0x00000007bdd80000,0x00000007bed00000)
 ParOldGen       total 555520K, used 445776K [0x0000000740000000, 0x0000000761e80000, 0x0000000795580000)
  object space 555520K, 80% used [0x0000000740000000,0x000000075b354258,0x0000000761e80000)
 Metaspace       used 16121K, capacity 16610K, committed 16896K, reserved 1064960K
  class space    used 1813K, capacity 1947K, committed 2048K, reserved 1048576K
Event: 28390.934 GC heap after
Heap after GC invocations=978 (full 19):
 PSYoungGen      total 679424K, used 12610K [0x0000000795580000, 0x00000007c0000000, 0x00000007c0000000)
  eden space 663552K, 0% used [0x0000000795580000,0x0000000795580000,0x00000007bdd80000)
  from space 15872K, 79% used [0x00000007bdd80000,0x00000007be9d0990,0x00000007bed00000)
  to   space 18432K, 0% used [0x00000007bee00000,0x00000007bee00000,0x00000007c0000000)
 ParOldGen       total 555520K, used 445800K [0x0000000740000000, 0x0000000761e80000, 0x0000000795580000)
  object space 555520K, 80% used [0x0000000740000000,0x000000075b35a258,0x0000000761e80000)
 Metaspace       used 16121K, capacity 16610K, committed 16896K, reserved 1064960K
  class space    used 1813K, capacity 1947K, committed 2048K, reserved 1048576K
}

